2026-04-14 11:38:37.027 | INFO     | src.api.rest:<module>:202 - FastAPI REST API 初始化完成
2026-04-14 11:38:37.027 | INFO     | src.api.rest:health_check:70 - 健康检查请求
2026-04-14 11:38:37.043 | ERROR    | src.api.rest:global_exception_handler:44 - 全局异常：object of type 'int' has no len()
2026-04-14 11:38:37.607 | ERROR    | src.api.rest:global_exception_handler:44 - 全局异常：object of type 'int' has no len()
2026-04-14 11:38:37.896 | ERROR    | src.api.rest:global_exception_handler:44 - 全局异常：object of type 'int' has no len()
2026-04-14 11:38:38.283 | ERROR    | src.api.rest:global_exception_handler:44 - 全局异常：object of type 'int' has no len()
2026-04-14 11:38:38.598 | ERROR    | src.api.rest:global_exception_handler:44 - 全局异常：object of type 'int' has no len()
2026-04-14 11:38:38.915 | ERROR    | src.api.rest:global_exception_handler:44 - 全局异常：object of type 'int' has no len()
2026-04-14 11:39:37.914 | INFO     | src.api.rest:<module>:202 - FastAPI REST API 初始化完成
2026-04-14 11:39:37.916 | INFO     | src.api.rest:health_check:70 - 健康检查请求
2026-04-14 11:39:37.927 | INFO     | src.api.rest:report_alert:88 - 收到告警上报：fire - 生产车间 A 区
2026-04-14 11:39:38.922 | WARNING  | src.api.rest:report_alert:108 - 工作流执行失败，使用 Mock 数据：No module named 'sentence_transformers'
2026-04-14 11:39:38.922 | INFO     | src.api.rest:report_alert:127 - 告警上报完成：9940624e-c86c-457f-922e-013a1fce2b3c
2026-04-14 11:39:38.922 | INFO     | src.api.rest:search_plan:155 - 收到预案检索请求：火灾应急预案 (type=fire)
2026-04-14 11:39:38.922 | WARNING  | src.api.rest:search_plan:167 - GraphRAG 检索失败，使用 Mock 数据：No module named 'sentence_transformers'
2026-04-14 11:39:38.922 | INFO     | src.api.rest:search_plan:183 - 预案检索完成，返回 2 条结果
2026-04-14 11:40:16.192 | INFO     | src.api.rest:<module>:202 - FastAPI REST API 初始化完成
2026-04-14 11:40:16.192 | INFO     | src.api.rest:health_check:70 - 健康检查请求
2026-04-14 11:40:16.210 | INFO     | src.api.rest:report_alert:88 - 收到告警上报：fire - 生产车间 A 区
2026-04-14 11:40:17.126 | WARNING  | src.api.rest:report_alert:108 - 工作流执行失败，使用 Mock 数据：No module named 'sentence_transformers'
2026-04-14 11:40:17.126 | INFO     | src.api.rest:report_alert:127 - 告警上报完成：568432d2-a62d-4974-8675-df456ee30d42
2026-04-14 11:40:17.134 | INFO     | src.api.rest:search_plan:155 - 收到预案检索请求：火灾应急预案 (type=fire)
2026-04-14 11:40:17.137 | WARNING  | src.api.rest:search_plan:167 - GraphRAG 检索失败，使用 Mock 数据：No module named 'sentence_transformers'
2026-04-14 11:40:17.137 | INFO     | src.api.rest:search_plan:183 - 预案检索完成，返回 2 条结果
